<?xml version="1.0" encoding="UTF-8"?>
<!-- Generated by org.testng.reporters.JUnitReportReporter -->
<testsuite hostname="JyothiCyril" failures="0" tests="1" name="com.qa.testscripts.TC_RediffCreateAccount_001" time="15.625" errors="0" timestamp="2022-04-03T20:00:10 IST" skipped="0">
  <testcase classname="com.qa.testscripts.TC_RediffCreateAccount_001" name="createAccount" time="15.625"/>
  <system-out/>
</testsuite> <!-- com.qa.testscripts.TC_RediffCreateAccount_001 -->
