<?xml version="1.0" encoding="UTF-8"?>
<!-- Generated by org.testng.reporters.JUnitReportReporter -->
<testsuite hostname="JyothiCyril" failures="0" tests="1" name="com.qa.testscripts.TC_JSEScrollByEle" time="9.377" errors="0" timestamp="2022-04-03T21:46:51 IST" skipped="0">
  <testcase classname="com.qa.testscripts.TC_JSEScrollByEle" name="scrollByElement" time="9.377"/>
  <system-out/>
</testsuite> <!-- com.qa.testscripts.TC_JSEScrollByEle -->
