<?xml version="1.0" encoding="UTF-8"?>
<!-- Generated by org.testng.reporters.JUnitReportReporter -->
<testsuite hostname="JyothiCyril" failures="0" tests="1" name="com.qa.testscripts.TC_DragandDrop" time="6.365" errors="0" timestamp="2022-04-03T21:33:16 IST" skipped="0">
  <testcase classname="com.qa.testscripts.TC_DragandDrop" name="dragdropExample" time="6.365"/>
  <system-out/>
</testsuite> <!-- com.qa.testscripts.TC_DragandDrop -->
