<?xml version="1.0" encoding="UTF-8"?>
<!-- Generated by org.testng.reporters.JUnitReportReporter -->
<testsuite hostname="JyothiCyril" failures="0" tests="3" name="com.qa.testngDemo.TC_UtilityBillPayment" time="0.004" errors="0" timestamp="2022-04-02T21:35:48 IST" skipped="0">
  <testcase classname="com.qa.testngDemo.TC_UtilityBillPayment" name="UtilityBillPayment" time="0.002"/>
  <system-out/>
  <testcase classname="com.qa.testngDemo.TC_UtilityBillPayment" name="HealthInsurancePayment" time="0.001"/>
  <system-out/>
  <testcase classname="com.qa.testngDemo.TC_UtilityBillPayment" name="VehicleInsurancePayment" time="0.001"/>
  <system-out/>
</testsuite> <!-- com.qa.testngDemo.TC_UtilityBillPayment -->
