<?xml version="1.0" encoding="UTF-8"?>
<!-- Generated by org.testng.reporters.JUnitReportReporter -->
<testsuite hostname="JyothiCyril" failures="0" tests="1" name="com.qa.testscripts.TC_ScrollBars" time="33.411" errors="0" timestamp="2022-04-03T21:55:41 IST" skipped="0">
  <testcase classname="com.qa.testscripts.TC_ScrollBars" name="scrollBars" time="33.411"/>
  <system-out/>
</testsuite> <!-- com.qa.testscripts.TC_ScrollBars -->
