<?xml version="1.0" encoding="UTF-8"?>
<!-- Generated by org.testng.reporters.JUnitReportReporter -->
<testsuite hostname="JyothiCyril" failures="0" tests="1" name="com.qa.testscripts.TC_WorkingwithMultipleWindows" time="11.354" errors="0" timestamp="2022-04-03T20:59:04 IST" skipped="0">
  <testcase classname="com.qa.testscripts.TC_WorkingwithMultipleWindows" name="multipleWindows" time="11.354"/>
  <system-out/>
</testsuite> <!-- com.qa.testscripts.TC_WorkingwithMultipleWindows -->
