<?xml version="1.0" encoding="UTF-8"?>
<!-- Generated by org.testng.reporters.JUnitReportReporter -->
<testsuite hostname="JyothiCyril" failures="0" tests="1" name="com.qa.testscripts.TC_Amazon_004" time="5.156" errors="0" timestamp="2022-04-03T21:21:38 IST" skipped="0">
  <testcase classname="com.qa.testscripts.TC_Amazon_004" name="newUserReg" time="5.156"/>
  <system-out>
    <![CDATA[User is landed on registration page]]>
  </system-out>
</testsuite> <!-- com.qa.testscripts.TC_Amazon_004 -->
