<?xml version="1.0" encoding="UTF-8"?>
<!-- Generated by org.testng.reporters.JUnitReportReporter -->
<testsuite hostname="JyothiCyril" failures="0" tests="1" name="com.qa.testngDemo.TC_CCBillPayment" time="0.001" errors="0" timestamp="2022-04-02T21:35:48 IST" skipped="0">
  <testcase classname="com.qa.testngDemo.TC_CCBillPayment" name="CCBillPayament" time="0.001"/>
  <system-out/>
</testsuite> <!-- com.qa.testngDemo.TC_CCBillPayment -->
