<?xml version="1.0" encoding="UTF-8"?>
<!-- Generated by org.testng.reporters.JUnitReportReporter -->
<testsuite hostname="JyothiCyril" failures="0" tests="7" name="com.qa.testngDemo.TC_FundTransfer" time="0.021" errors="0" timestamp="2022-04-02T21:35:48 IST" skipped="1">
  <testcase classname="com.qa.testngDemo.TC_FundTransfer" name="FundTransfrerNEFT" time="0.006"/>
  <system-out/>
  <testcase classname="com.qa.testngDemo.TC_FundTransfer" name="FundTransferIMPS" time="0.002"/>
  <system-out/>
  <testcase classname="com.qa.testngDemo.TC_FundTransfer" name="FundTransferIMPS" time="0.003"/>
  <system-out/>
  <testcase classname="com.qa.testngDemo.TC_FundTransfer" name="FundTransferIMPS" time="0.004"/>
  <system-out/>
  <testcase classname="com.qa.testngDemo.TC_FundTransfer" name="FundTransferIMPS" time="0.003"/>
  <system-out/>
  <testcase classname="com.qa.testngDemo.TC_FundTransfer" name="FundTransferIMPS" time="0.003"/>
  <system-out/>
  <testcase classname="com.qa.testngDemo.TC_FundTransfer" name="FundTransferInternational">
    <skipped/>
  </testcase> <!-- FundTransferInternational -->
  <system-out/>
</testsuite> <!-- com.qa.testngDemo.TC_FundTransfer -->
